<?xml version="1.0" encoding="UTF-8"?>
<testsuite xmlns:xsi="http://www.w3.org/2001/XMLSchema-instance" xsi:noNamespaceSchemaLocation="https://maven.apache.org/surefire/maven-surefire-plugin/xsd/surefire-test-report-3.0.xsd" version="3.0" name="com.yeamgood.azurehelloworld.AzurehelloworldApplicationTests" time="1.206" tests="1" errors="0" skipped="0" failures="0">
  <properties>
[...]
</properties>
  <testcase name="contextLoads" classname="com.yeamgood.azurehelloworld.AzurehelloworldApplicationTests" time="0.456">
    <system-out><![CDATA[10:22:23.345 [main] INFO org.springframework.test.context.support.AnnotationConfigContextLoaderUtils -- Could not detect default configuration classes for test class [com.yeamgood.azurehelloworld.AzurehelloworldApplicationTests]: AzurehelloworldApplicationTests does not declare any static, non-private, non-final, nested classes annotated with @Configuration.
10:22:23.384 [main] INFO org.springframework.boot.test.context.SpringBootTestContextBootstrapper -- Found @SpringBootConfiguration com.yeamgood.azurehelloworld.AzurehelloworldApplication for test class com.yeamgood.azurehelloworld.AzurehelloworldApplicationTests

  .   ____          _            __ _ _
 /\\ / ___'_ __ _ _(_)_ __  __ _ \ \ \ \
( ( )\___ | '_ | '_| | '_ \/ _` | \ \ \ \
 \\/  ___)| |_)| | | | | || (_| |  ) ) ) )
  '  |____| .__|_| |_|_| |_\__, | / / / /
 =========|_|==============|___/=/_/_/_/
 :: Spring Boot ::                (v3.2.5)

2024-05-09T10:22:23.539+07:00  INFO 89293 --- [azurehelloworld] [           main] c.y.a.AzurehelloworldApplicationTests    : Starting AzurehelloworldApplicationTests using Java 21.0.2 with PID 89293 (started by tx094862 in /Users/tx094862/Developer/Project/azure/java/azurehelloworld)
2024-05-09T10:22:23.539+07:00  INFO 89293 --- [azurehelloworld] [           main] c.y.a.AzurehelloworldApplicationTests    : No active profile set, falling back to 1 default profile: "default"
2024-05-09T10:22:24.008+07:00  INFO 89293 --- [azurehelloworld] [           main] c.y.a.AzurehelloworldApplicationTests    : Started AzurehelloworldApplicationTests in 0.571 seconds (process running for 0.958)
]]></system-out>
    <system-err><![CDATA[WARNING: A Java agent has been loaded dynamically (/Users/tx094862/Developer/maven/m2/repo/net/bytebuddy/byte-buddy-agent/1.14.13/byte-buddy-agent-1.14.13.jar)
WARNING: If a serviceability tool is in use, please run with -XX:+EnableDynamicAgentLoading to hide this warning
WARNING: If a serviceability tool is not in use, please run with -Djdk.instrument.traceUsage for more information
WARNING: Dynamic loading of agents will be disallowed by default in a future release
]]></system-err>
  </testcase>
</testsuite>